01-Jul-2022 12:27:53 INFO - Bootstrapping Spring Data JPA repositories in DEFAULT mode.
01-Jul-2022 12:27:54 INFO - Finished Spring Data repository scanning in 453 ms. Found 2 JPA repository interfaces.
01-Jul-2022 12:27:55 INFO - Tomcat initialized with port(s): 8080 (http)
01-Jul-2022 12:27:55 INFO - Initializing ProtocolHandler ["http-nio-8080"]
01-Jul-2022 12:27:55 INFO - Starting service [Tomcat]
01-Jul-2022 12:27:55 INFO - Starting Servlet engine: [Apache Tomcat/9.0.64]
01-Jul-2022 12:27:55 INFO - Initializing Spring embedded WebApplicationContext
01-Jul-2022 12:27:55 INFO - Root WebApplicationContext: initialization completed in 5309 ms
01-Jul-2022 12:27:55 INFO - HHH000204: Processing PersistenceUnitInfo [name: default]
01-Jul-2022 12:27:56 INFO - HHH000412: Hibernate ORM core version 5.6.9.Final
01-Jul-2022 12:27:56 INFO - HCANN000001: Hibernate Commons Annotations {5.1.2.Final}
01-Jul-2022 12:27:58 INFO - HHH000400: Using dialect: org.hibernate.dialect.PostgreSQL10Dialect
01-Jul-2022 12:27:59 INFO - HHH000490: Using JtaPlatform implementation: [org.hibernate.engine.transaction.jta.platform.internal.NoJtaPlatform]
01-Jul-2022 12:27:59 INFO - Initialized JPA EntityManagerFactory for persistence unit 'default'
01-Jul-2022 12:28:01 WARN - spring.jpa.open-in-view is enabled by default. Therefore, database queries may be performed during view rendering. Explicitly configure spring.jpa.open-in-view to disable this warning
01-Jul-2022 12:28:02 INFO - Starting ProtocolHandler ["http-nio-8080"]
01-Jul-2022 12:28:02 INFO - Tomcat started on port(s): 8080 (http) with context path ''
01-Jul-2022 16:47:46 INFO - Application shutdown requested.
01-Jul-2022 16:47:47 INFO - Closing JPA EntityManagerFactory for persistence unit 'default'
01-Jul-2022 16:51:32 INFO - Bootstrapping Spring Data JPA repositories in DEFAULT mode.
01-Jul-2022 16:51:32 INFO - Finished Spring Data repository scanning in 132 ms. Found 2 JPA repository interfaces.
01-Jul-2022 16:51:33 INFO - Tomcat initialized with port(s): 9090 (http)
01-Jul-2022 16:51:33 INFO - Initializing ProtocolHandler ["http-nio-9090"]
01-Jul-2022 16:51:33 INFO - Starting service [Tomcat]
01-Jul-2022 16:51:33 INFO - Starting Servlet engine: [Apache Tomcat/9.0.64]
01-Jul-2022 16:51:33 INFO - Initializing Spring embedded WebApplicationContext
01-Jul-2022 16:51:33 INFO - Root WebApplicationContext: initialization completed in 1896 ms
01-Jul-2022 16:51:33 INFO - HHH000204: Processing PersistenceUnitInfo [name: default]
01-Jul-2022 16:51:33 INFO - HHH000412: Hibernate ORM core version 5.6.9.Final
01-Jul-2022 16:51:34 INFO - HCANN000001: Hibernate Commons Annotations {5.1.2.Final}
01-Jul-2022 16:51:34 INFO - HHH000400: Using dialect: org.hibernate.dialect.PostgreSQL10Dialect
01-Jul-2022 16:51:36 INFO - HHH000490: Using JtaPlatform implementation: [org.hibernate.engine.transaction.jta.platform.internal.NoJtaPlatform]
01-Jul-2022 16:51:36 INFO - Initialized JPA EntityManagerFactory for persistence unit 'default'
01-Jul-2022 16:51:36 WARN - spring.jpa.open-in-view is enabled by default. Therefore, database queries may be performed during view rendering. Explicitly configure spring.jpa.open-in-view to disable this warning
01-Jul-2022 16:51:37 INFO - Starting ProtocolHandler ["http-nio-9090"]
01-Jul-2022 16:51:37 INFO - Tomcat started on port(s): 9090 (http) with context path ''
01-Jul-2022 16:52:27 INFO - Application shutdown requested.
01-Jul-2022 16:52:27 INFO - Closing JPA EntityManagerFactory for persistence unit 'default'
